##,imei:863844055591942,A;
imei:863844055591942,ac alarm,220415211400,,F,211400.000,A,3458.00301,S,07113.29123,W,0.00,301.68;
863844055591942;
863844055591942;
imei:863844055591942,ac alarm,220415211400,,F,211400.000,A,3458.00301,S,07113.29123,W,0.00,301.68;
imei:863844055591942,tracker,220415211400,,F,211400.000,A,3458.00301,S,07113.29123,W,0.00,301.68;
863844055591942;
863844055591942;
863844055591942;
imei:863844055591942,ac alarm,220415211400,,F,211400.000,A,3458.00301,S,07113.29123,W,,;
imei:863844055591942,tracker,220415211400,,F,211400.000,A,3458.00301,S,07113.29123,W,,;
863844055591942;
863844055591942;
863844055591942;
imei:863844055591942,tracker,220415211400,,F,211400.000,A,3458.00301,S,07113.29123,W,,;
863844055591942;

----imei gps----
gps-prueba:1235648975
gps2:12345678
gps3:1234567